23:23:54.278 [main] INFO  testCases.TC_001_AccountRegistrationTest - Entering Customer Details.... 
23:23:57.979 [main] INFO  testCases.TC_001_AccountRegistrationTest - Clicked on Continue
23:23:58.038 [main] INFO  testCases.TC_001_AccountRegistrationTest - Validating expected message.....
23:23:58.038 [main] INFO  testCases.TC_001_AccountRegistrationTest - Test Passed...
23:23:58.038 [main] INFO  testCases.TC_001_AccountRegistrationTest - ********** Finished TC_001_AccountRegistrationTest **********
23:24:05.967 [main] INFO  testCases.TC_001_AccountRegistrationTest - ********** Starting TC_001_AccountRegistrationTest **********
23:24:06.174 [main] INFO  testCases.TC_001_AccountRegistrationTest - Clicked on MyAccount Link
23:24:07.250 [main] INFO  testCases.TC_001_AccountRegistrationTest - Clicked on Register Link
23:24:07.250 [main] INFO  testCases.TC_001_AccountRegistrationTest - Entering Customer Details.... 
23:24:11.213 [main] INFO  testCases.TC_001_AccountRegistrationTest - Clicked on Continue
23:24:11.267 [main] INFO  testCases.TC_001_AccountRegistrationTest - Validating expected message.....
23:24:11.267 [main] INFO  testCases.TC_001_AccountRegistrationTest - Test Passed...
23:24:11.267 [main] INFO  testCases.TC_001_AccountRegistrationTest - ********** Finished TC_001_AccountRegistrationTest **********
23:25:25.613 [TestNG-tests-1] INFO  testCases.TC_001_AccountRegistrationTest - ********** Starting TC_001_AccountRegistrationTest **********
23:25:26.818 [TestNG-tests-1] INFO  testCases.TC_001_AccountRegistrationTest - Clicked on MyAccount Link
23:25:28.086 [TestNG-tests-2] INFO  testCases.TC_001_AccountRegistrationTest - ********** Starting TC_001_AccountRegistrationTest **********
23:25:28.313 [TestNG-tests-2] INFO  testCases.TC_001_AccountRegistrationTest - Clicked on MyAccount Link
23:25:28.800 [TestNG-tests-1] INFO  testCases.TC_001_AccountRegistrationTest - Clicked on Register Link
23:25:28.800 [TestNG-tests-1] INFO  testCases.TC_001_AccountRegistrationTest - Entering Customer Details.... 
23:25:29.510 [TestNG-tests-2] INFO  testCases.TC_001_AccountRegistrationTest - Clicked on Register Link
23:25:29.511 [TestNG-tests-2] INFO  testCases.TC_001_AccountRegistrationTest - Entering Customer Details.... 
23:25:34.796 [TestNG-tests-1] INFO  testCases.TC_001_AccountRegistrationTest - Clicked on Continue
23:25:34.893 [TestNG-tests-1] INFO  testCases.TC_001_AccountRegistrationTest - Validating expected message.....
23:25:34.893 [TestNG-tests-1] INFO  testCases.TC_001_AccountRegistrationTest - Test Passed...
23:25:34.899 [TestNG-tests-1] INFO  testCases.TC_001_AccountRegistrationTest - ********** Finished TC_001_AccountRegistrationTest **********
23:25:35.183 [TestNG-tests-2] INFO  testCases.TC_001_AccountRegistrationTest - Clicked on Continue
23:25:35.305 [TestNG-tests-2] INFO  testCases.TC_001_AccountRegistrationTest - Validating expected message.....
23:25:35.305 [TestNG-tests-2] INFO  testCases.TC_001_AccountRegistrationTest - Test Passed...
23:25:35.305 [TestNG-tests-2] INFO  testCases.TC_001_AccountRegistrationTest - ********** Finished TC_001_AccountRegistrationTest **********
23:39:09.286 [main] INFO  testCases.TC_001_AccountRegistrationTest - ********** Starting TC_001_AccountRegistrationTest **********
23:39:09.823 [main] INFO  testCases.TC_001_AccountRegistrationTest - Clicked on MyAccount Link
23:39:11.188 [main] INFO  testCases.TC_001_AccountRegistrationTest - Clicked on Register Link
23:39:11.188 [main] INFO  testCases.TC_001_AccountRegistrationTest - Entering Customer Details.... 
23:39:16.396 [main] INFO  testCases.TC_001_AccountRegistrationTest - Clicked on Continue
23:39:16.514 [main] INFO  testCases.TC_001_AccountRegistrationTest - Validating expected message.....
23:39:16.514 [main] INFO  testCases.TC_001_AccountRegistrationTest - Test Passed...
23:39:16.521 [main] INFO  testCases.TC_001_AccountRegistrationTest - ********** Finished TC_001_AccountRegistrationTest **********
00:43:44.905 [main] INFO  testCases.TC_001_AccountRegistrationTest - ********** Starting TC_001_AccountRegistrationTest **********
00:43:45.274 [main] INFO  testCases.TC_001_AccountRegistrationTest - Clicked on MyAccount Link
00:43:45.949 [main] INFO  testCases.TC_001_AccountRegistrationTest - Clicked on Register Link
00:43:45.949 [main] INFO  testCases.TC_001_AccountRegistrationTest - Entering Customer Details.... 
00:43:49.341 [main] INFO  testCases.TC_001_AccountRegistrationTest - Clicked on Continue
00:43:49.390 [main] INFO  testCases.TC_001_AccountRegistrationTest - Validating expected message.....
00:43:49.390 [main] INFO  testCases.TC_001_AccountRegistrationTest - Test Passed...
00:43:49.394 [main] INFO  testCases.TC_001_AccountRegistrationTest - ********** Finished TC_001_AccountRegistrationTest **********
00:43:54.441 [main] INFO  testCases.TC_002_LoginTest - ********** Starting TC_002_LoginTest **********
00:43:54.537 [main] INFO  testCases.TC_002_LoginTest - clicked on MyAccount link....
