17:49:36.010 [main] INFO  testCases.TC_001_AccountRegistrationTest - Entering Customer Details.... 
17:49:41.287 [main] INFO  testCases.TC_001_AccountRegistrationTest - Clicked on Continue
17:49:41.370 [main] INFO  testCases.TC_001_AccountRegistrationTest - Validating expected message.....
17:49:41.370 [main] INFO  testCases.TC_001_AccountRegistrationTest - Test Passed...
17:49:41.385 [main] INFO  testCases.TC_001_AccountRegistrationTest - ********** Finished TC_001_AccountRegistrationTest **********
17:49:48.908 [main] INFO  testCases.TC_002_LoginTest - ********** Starting TC_002_LoginTest **********
17:49:49.287 [main] INFO  testCases.TC_002_LoginTest - clicked on MyAccount link....
17:49:50.663 [main] INFO  testCases.TC_002_LoginTest - clicked on Login link under MyAccount ...
17:49:50.666 [main] INFO  testCases.TC_002_LoginTest - Entering valid email and password....
17:49:53.239 [main] INFO  testCases.TC_002_LoginTest - clicked on Login button ...
17:49:53.563 [main] INFO  testCases.TC_002_LoginTest - Login Test Passed
17:49:53.563 [main] INFO  testCases.TC_002_LoginTest - ********** Finished TC_002_LoginTest **********
19:24:00.171 [main] INFO  testCases.TC_001_AccountRegistrationTest - ********** Starting TC_001_AccountRegistrationTest **********
19:24:00.379 [main] INFO  testCases.TC_001_AccountRegistrationTest - Clicked on MyAccount Link
19:24:00.854 [main] INFO  testCases.TC_001_AccountRegistrationTest - Clicked on Register Link
19:24:00.855 [main] INFO  testCases.TC_001_AccountRegistrationTest - Entering Customer Details.... 
19:24:04.168 [main] INFO  testCases.TC_001_AccountRegistrationTest - Clicked on Continue
19:24:04.223 [main] INFO  testCases.TC_001_AccountRegistrationTest - Validating expected message.....
19:24:04.223 [main] INFO  testCases.TC_001_AccountRegistrationTest - Test Passed...
19:24:04.226 [main] INFO  testCases.TC_001_AccountRegistrationTest - ********** Finished TC_001_AccountRegistrationTest **********
19:24:08.754 [main] INFO  testCases.TC_002_LoginTest - ********** Starting TC_002_LoginTest **********
19:24:08.866 [main] INFO  testCases.TC_002_LoginTest - clicked on MyAccount link....
19:24:09.236 [main] INFO  testCases.TC_002_LoginTest - clicked on Login link under MyAccount ...
19:24:09.241 [main] INFO  testCases.TC_002_LoginTest - Entering valid email and password....
19:24:09.861 [main] INFO  testCases.TC_002_LoginTest - clicked on Login button ...
19:24:09.919 [main] INFO  testCases.TC_002_LoginTest - Login Test Passed
19:24:09.919 [main] INFO  testCases.TC_002_LoginTest - ********** Finished TC_002_LoginTest **********
19:28:11.953 [main] INFO  testCases.TC_001_AccountRegistrationTest - ********** Starting TC_001_AccountRegistrationTest **********
19:28:12.088 [main] INFO  testCases.TC_001_AccountRegistrationTest - Clicked on MyAccount Link
19:28:12.434 [main] INFO  testCases.TC_001_AccountRegistrationTest - Clicked on Register Link
19:28:12.434 [main] INFO  testCases.TC_001_AccountRegistrationTest - Entering Customer Details.... 
19:28:15.672 [main] INFO  testCases.TC_001_AccountRegistrationTest - Clicked on Continue
19:28:15.719 [main] INFO  testCases.TC_001_AccountRegistrationTest - Validating expected message.....
19:28:15.719 [main] ERROR testCases.TC_001_AccountRegistrationTest - Test Failed...
19:28:20.916 [main] INFO  testCases.TC_002_LoginTest - ********** Starting TC_002_LoginTest **********
19:28:21.016 [main] INFO  testCases.TC_002_LoginTest - clicked on MyAccount link....
19:28:21.369 [main] INFO  testCases.TC_002_LoginTest - clicked on Login link under MyAccount ...
19:28:21.370 [main] INFO  testCases.TC_002_LoginTest - Entering valid email and password....
19:28:21.999 [main] INFO  testCases.TC_002_LoginTest - clicked on Login button ...
19:28:22.062 [main] INFO  testCases.TC_002_LoginTest - Login Test Passed
19:28:22.062 [main] INFO  testCases.TC_002_LoginTest - ********** Finished TC_002_LoginTest **********
19:33:20.193 [main] INFO  testCases.TC_001_AccountRegistrationTest - ********** Starting TC_001_AccountRegistrationTest **********
19:33:20.319 [main] INFO  testCases.TC_001_AccountRegistrationTest - Clicked on MyAccount Link
19:33:20.656 [main] INFO  testCases.TC_001_AccountRegistrationTest - Clicked on Register Link
19:33:20.657 [main] INFO  testCases.TC_001_AccountRegistrationTest - Entering Customer Details.... 
19:33:23.582 [main] INFO  testCases.TC_001_AccountRegistrationTest - Clicked on Continue
19:33:23.631 [main] INFO  testCases.TC_001_AccountRegistrationTest - Validating expected message.....
19:33:23.631 [main] ERROR testCases.TC_001_AccountRegistrationTest - Test Failed...
19:33:28.013 [main] INFO  testCases.TC_002_LoginTest - ********** Starting TC_002_LoginTest **********
19:33:28.108 [main] INFO  testCases.TC_002_LoginTest - clicked on MyAccount link....
19:33:28.412 [main] INFO  testCases.TC_002_LoginTest - clicked on Login link under MyAccount ...
19:33:28.412 [main] INFO  testCases.TC_002_LoginTest - Entering valid email and password....
