15:21:12.733 [main] INFO  testCases.TC_001_AccountRegistrationTest - ********** Finished TC_001_AccountRegistrationTest **********
15:21:15.748 [main] INFO  testCases.TC_002_LoginTest - ********** Starting TC_002_LoginTest **********
15:21:16.190 [main] INFO  testCases.TC_002_LoginTest - clicked on MyAccount link....
15:21:16.512 [main] INFO  testCases.TC_002_LoginTest - clicked on Login link under MyAccount ...
15:21:16.517 [main] INFO  testCases.TC_002_LoginTest - Entering valid email and password....
15:21:17.218 [main] INFO  testCases.TC_002_LoginTest - clicked on Login button ...
15:21:17.286 [main] INFO  testCases.TC_002_LoginTest - Login Test Passed
15:21:17.286 [main] INFO  testCases.TC_002_LoginTest - ********** Finished TC_002_LoginTest **********
00:31:41.848 [main] INFO  testCases.TC_001_AccountRegistrationTest - ********** Starting TC_001_AccountRegistrationTest **********
00:31:42.060 [main] INFO  testCases.TC_001_AccountRegistrationTest - Clicked on MyAccount Link
00:31:42.582 [main] INFO  testCases.TC_001_AccountRegistrationTest - Clicked on Register Link
00:31:42.582 [main] INFO  testCases.TC_001_AccountRegistrationTest - Entering Customer Details.... 
00:31:45.769 [main] INFO  testCases.TC_001_AccountRegistrationTest - Clicked on Continue
00:31:45.827 [main] INFO  testCases.TC_001_AccountRegistrationTest - Validating expected message.....
00:31:45.827 [main] INFO  testCases.TC_001_AccountRegistrationTest - Test Passed...
00:31:45.829 [main] INFO  testCases.TC_001_AccountRegistrationTest - ********** Finished TC_001_AccountRegistrationTest **********
00:31:49.534 [main] INFO  testCases.TC_002_LoginTest - ********** Starting TC_002_LoginTest **********
00:31:49.877 [main] INFO  testCases.TC_002_LoginTest - clicked on MyAccount link....
00:31:50.669 [main] INFO  testCases.TC_002_LoginTest - clicked on Login link under MyAccount ...
00:31:50.674 [main] INFO  testCases.TC_002_LoginTest - Entering valid email and password....
00:31:51.396 [main] INFO  testCases.TC_002_LoginTest - clicked on Login button ...
00:31:51.470 [main] INFO  testCases.TC_002_LoginTest - Login Test Passed
00:31:51.470 [main] INFO  testCases.TC_002_LoginTest - ********** Finished TC_002_LoginTest **********
00:56:23.927 [main] INFO  testCases.TC_001_AccountRegistrationTest - ********** Starting TC_001_AccountRegistrationTest **********
00:56:24.367 [main] INFO  testCases.TC_001_AccountRegistrationTest - Clicked on MyAccount Link
00:56:25.057 [main] INFO  testCases.TC_001_AccountRegistrationTest - Clicked on Register Link
00:56:25.057 [main] INFO  testCases.TC_001_AccountRegistrationTest - Entering Customer Details.... 
00:56:28.692 [main] INFO  testCases.TC_001_AccountRegistrationTest - Clicked on Continue
00:56:28.765 [main] INFO  testCases.TC_001_AccountRegistrationTest - Validating expected message.....
00:56:28.765 [main] INFO  testCases.TC_001_AccountRegistrationTest - Test Passed...
00:56:28.769 [main] INFO  testCases.TC_001_AccountRegistrationTest - ********** Finished TC_001_AccountRegistrationTest **********
00:56:32.247 [main] INFO  testCases.TC_002_LoginTest - ********** Starting TC_002_LoginTest **********
00:56:32.821 [main] INFO  testCases.TC_002_LoginTest - clicked on MyAccount link....
00:56:33.255 [main] INFO  testCases.TC_002_LoginTest - clicked on Login link under MyAccount ...
00:56:33.257 [main] INFO  testCases.TC_002_LoginTest - Entering valid email and password....
00:56:34.015 [main] INFO  testCases.TC_002_LoginTest - clicked on Login button ...
00:56:34.133 [main] INFO  testCases.TC_002_LoginTest - Login Test Passed
00:56:34.133 [main] INFO  testCases.TC_002_LoginTest - ********** Finished TC_002_LoginTest **********
01:21:10.095 [main] INFO  testCases.TC_001_AccountRegistrationTest - ********** Starting TC_001_AccountRegistrationTest **********
01:21:10.766 [main] INFO  testCases.TC_001_AccountRegistrationTest - Clicked on MyAccount Link
01:21:11.525 [main] INFO  testCases.TC_001_AccountRegistrationTest - Clicked on Register Link
01:21:11.525 [main] INFO  testCases.TC_001_AccountRegistrationTest - Entering Customer Details.... 
01:21:15.945 [main] INFO  testCases.TC_001_AccountRegistrationTest - Clicked on Continue
01:21:16.081 [main] INFO  testCases.TC_001_AccountRegistrationTest - Validating expected message.....
01:21:16.081 [main] INFO  testCases.TC_001_AccountRegistrationTest - Test Passed...
01:21:16.094 [main] INFO  testCases.TC_001_AccountRegistrationTest - ********** Finished TC_001_AccountRegistrationTest **********
01:21:21.650 [main] INFO  testCases.TC_002_LoginTest - ********** Starting TC_002_LoginTest **********
01:21:22.423 [main] INFO  testCases.TC_002_LoginTest - clicked on MyAccount link....
01:21:22.996 [main] INFO  testCases.TC_002_LoginTest - clicked on Login link under MyAccount ...
01:21:23.004 [main] INFO  testCases.TC_002_LoginTest - Entering valid email and password....
01:21:24.125 [main] INFO  testCases.TC_002_LoginTest - clicked on Login button ...
