16:45:58.963 [main] INFO  testCases.TC_001_AccountRegistrationTest - ********** Starting TC_001_AccountRegistrationTest **********
16:45:58.970 [main] DEBUG testCases.TC_001_AccountRegistrationTest - Application Logs started.....
16:45:59.499 [main] INFO  testCases.TC_001_AccountRegistrationTest - Clicked on MyAccount Link
16:46:00.141 [main] INFO  testCases.TC_001_AccountRegistrationTest - Clicked on Register Link
16:46:00.142 [main] INFO  testCases.TC_001_AccountRegistrationTest - Entering Customer Details.... 
16:46:03.301 [main] INFO  testCases.TC_001_AccountRegistrationTest - Clicked on Continue
16:46:03.382 [main] INFO  testCases.TC_001_AccountRegistrationTest - Validating expected message.....
16:46:03.382 [main] ERROR testCases.TC_001_AccountRegistrationTest - Test Failed...
16:57:58.083 [main] INFO  testCases.TC_001_AccountRegistrationTest - ********** Starting TC_001_AccountRegistrationTest **********
16:57:58.087 [main] DEBUG testCases.TC_001_AccountRegistrationTest - Application Logs started.....
16:57:58.473 [main] INFO  testCases.TC_001_AccountRegistrationTest - Clicked on MyAccount Link
16:57:58.762 [main] INFO  testCases.TC_001_AccountRegistrationTest - Clicked on Register Link
16:57:58.763 [main] INFO  testCases.TC_001_AccountRegistrationTest - Entering Customer Details.... 
16:58:01.616 [main] INFO  testCases.TC_001_AccountRegistrationTest - Clicked on Continue
16:58:01.668 [main] INFO  testCases.TC_001_AccountRegistrationTest - Validating expected message.....
16:58:01.668 [main] INFO  testCases.TC_001_AccountRegistrationTest - Test Passed...
16:58:01.672 [main] DEBUG testCases.TC_001_AccountRegistrationTest - Application Logs ended.....
16:58:01.672 [main] INFO  testCases.TC_001_AccountRegistrationTest - ********** Finished TC_001_AccountRegistrationTest **********
16:58:31.261 [main] INFO  testCases.TC_001_AccountRegistrationTest - ********** Starting TC_001_AccountRegistrationTest **********
16:58:31.262 [main] DEBUG testCases.TC_001_AccountRegistrationTest - Application Logs started.....
16:58:31.601 [main] INFO  testCases.TC_001_AccountRegistrationTest - Clicked on MyAccount Link
16:58:31.849 [main] INFO  testCases.TC_001_AccountRegistrationTest - Clicked on Register Link
16:58:31.849 [main] INFO  testCases.TC_001_AccountRegistrationTest - Entering Customer Details.... 
16:58:34.714 [main] INFO  testCases.TC_001_AccountRegistrationTest - Clicked on Continue
16:58:34.800 [main] INFO  testCases.TC_001_AccountRegistrationTest - Validating expected message.....
16:58:34.800 [main] INFO  testCases.TC_001_AccountRegistrationTest - Test Passed...
16:58:34.806 [main] DEBUG testCases.TC_001_AccountRegistrationTest - Application Logs ended.....
16:58:34.806 [main] INFO  testCases.TC_001_AccountRegistrationTest - ********** Finished TC_001_AccountRegistrationTest **********
17:01:09.672 [main] INFO  testCases.TC_001_AccountRegistrationTest - ********** Starting TC_001_AccountRegistrationTest **********
17:01:09.689 [main] ERROR testCases.TC_001_AccountRegistrationTest - Test Failed....
17:01:35.243 [main] INFO  testCases.TC_001_AccountRegistrationTest - ********** Starting TC_001_AccountRegistrationTest **********
17:01:35.559 [main] INFO  testCases.TC_001_AccountRegistrationTest - Clicked on MyAccount Link
17:01:35.901 [main] INFO  testCases.TC_001_AccountRegistrationTest - Clicked on Register Link
17:01:35.901 [main] INFO  testCases.TC_001_AccountRegistrationTest - Entering Customer Details.... 
17:01:39.017 [main] INFO  testCases.TC_001_AccountRegistrationTest - Clicked on Continue
17:01:39.071 [main] INFO  testCases.TC_001_AccountRegistrationTest - Validating expected message.....
17:01:39.072 [main] INFO  testCases.TC_001_AccountRegistrationTest - Test Passed...
17:01:39.075 [main] INFO  testCases.TC_001_AccountRegistrationTest - ********** Finished TC_001_AccountRegistrationTest **********
17:02:59.642 [main] INFO  testCases.TC_001_AccountRegistrationTest - ********** Starting TC_001_AccountRegistrationTest **********
17:02:59.781 [main] INFO  testCases.TC_001_AccountRegistrationTest - Clicked on MyAccount Link
17:03:00.154 [main] INFO  testCases.TC_001_AccountRegistrationTest - Clicked on Register Link
17:03:00.154 [main] INFO  testCases.TC_001_AccountRegistrationTest - Entering Customer Details.... 
17:03:03.344 [main] INFO  testCases.TC_001_AccountRegistrationTest - Clicked on Continue
17:03:03.382 [main] INFO  testCases.TC_001_AccountRegistrationTest - Validating expected message.....
17:03:03.382 [main] INFO  testCases.TC_001_AccountRegistrationTest - Test Passed...
17:03:03.384 [main] INFO  testCases.TC_001_AccountRegistrationTest - ********** Finished TC_001_AccountRegistrationTest **********
23:23:52.823 [main] INFO  testCases.TC_001_AccountRegistrationTest - ********** Starting TC_001_AccountRegistrationTest **********
23:23:53.531 [main] INFO  testCases.TC_001_AccountRegistrationTest - Clicked on MyAccount Link
23:23:54.278 [main] INFO  testCases.TC_001_AccountRegistrationTest - Clicked on Register Link
