19:33:28.952 [main] INFO  testCases.TC_002_LoginTest - clicked on Login button ...
19:33:29.013 [main] INFO  testCases.TC_002_LoginTest - Login Test Passed
19:33:29.013 [main] INFO  testCases.TC_002_LoginTest - ********** Finished TC_002_LoginTest **********
19:44:02.480 [main] INFO  testCases.TC_001_AccountRegistrationTest - ********** Starting TC_001_AccountRegistrationTest **********
19:44:02.617 [main] INFO  testCases.TC_001_AccountRegistrationTest - Clicked on MyAccount Link
19:44:03.042 [main] INFO  testCases.TC_001_AccountRegistrationTest - Clicked on Register Link
19:44:03.042 [main] INFO  testCases.TC_001_AccountRegistrationTest - Entering Customer Details.... 
19:44:06.247 [main] INFO  testCases.TC_001_AccountRegistrationTest - Clicked on Continue
19:44:06.293 [main] INFO  testCases.TC_001_AccountRegistrationTest - Validating expected message.....
19:44:06.293 [main] ERROR testCases.TC_001_AccountRegistrationTest - Test Failed...
19:44:11.144 [main] INFO  testCases.TC_002_LoginTest - ********** Starting TC_002_LoginTest **********
19:44:11.272 [main] INFO  testCases.TC_002_LoginTest - clicked on MyAccount link....
19:44:11.596 [main] INFO  testCases.TC_002_LoginTest - clicked on Login link under MyAccount ...
19:44:11.599 [main] INFO  testCases.TC_002_LoginTest - Entering valid email and password....
19:44:12.133 [main] INFO  testCases.TC_002_LoginTest - clicked on Login button ...
19:44:22.154 [main] ERROR testCases.TC_002_LoginTest - Login Test Failed
19:47:30.169 [main] INFO  testCases.TC_001_AccountRegistrationTest - ********** Starting TC_001_AccountRegistrationTest **********
19:47:30.297 [main] INFO  testCases.TC_001_AccountRegistrationTest - Clicked on MyAccount Link
19:47:30.671 [main] INFO  testCases.TC_001_AccountRegistrationTest - Clicked on Register Link
19:47:30.671 [main] INFO  testCases.TC_001_AccountRegistrationTest - Entering Customer Details.... 
19:47:33.790 [main] INFO  testCases.TC_001_AccountRegistrationTest - Clicked on Continue
19:47:33.840 [main] INFO  testCases.TC_001_AccountRegistrationTest - Validating expected message.....
19:47:33.840 [main] ERROR testCases.TC_001_AccountRegistrationTest - Test Failed...
19:47:38.330 [main] INFO  testCases.TC_002_LoginTest - ********** Starting TC_002_LoginTest **********
19:47:38.434 [main] INFO  testCases.TC_002_LoginTest - clicked on MyAccount link....
19:47:38.732 [main] INFO  testCases.TC_002_LoginTest - clicked on Login link under MyAccount ...
19:47:38.734 [main] INFO  testCases.TC_002_LoginTest - Entering valid email and password....
19:47:39.322 [main] INFO  testCases.TC_002_LoginTest - clicked on Login button ...
19:47:39.386 [main] INFO  testCases.TC_002_LoginTest - Login Test Passed
19:47:39.386 [main] INFO  testCases.TC_002_LoginTest - ********** Finished TC_002_LoginTest **********
19:56:02.295 [main] INFO  testCases.TC_001_AccountRegistrationTest - ********** Starting TC_001_AccountRegistrationTest **********
19:56:02.513 [main] INFO  testCases.TC_001_AccountRegistrationTest - Clicked on MyAccount Link
19:56:03.080 [main] INFO  testCases.TC_001_AccountRegistrationTest - Clicked on Register Link
19:56:03.083 [main] INFO  testCases.TC_001_AccountRegistrationTest - Entering Customer Details.... 
19:56:06.857 [main] INFO  testCases.TC_001_AccountRegistrationTest - Clicked on Continue
19:56:06.920 [main] INFO  testCases.TC_001_AccountRegistrationTest - Validating expected message.....
19:56:06.920 [main] INFO  testCases.TC_001_AccountRegistrationTest - Test Passed...
19:56:06.923 [main] INFO  testCases.TC_001_AccountRegistrationTest - ********** Finished TC_001_AccountRegistrationTest **********
19:56:10.509 [main] INFO  testCases.TC_002_LoginTest - ********** Starting TC_002_LoginTest **********
19:56:10.621 [main] INFO  testCases.TC_002_LoginTest - clicked on MyAccount link....
19:56:11.091 [main] INFO  testCases.TC_002_LoginTest - clicked on Login link under MyAccount ...
19:56:11.092 [main] INFO  testCases.TC_002_LoginTest - Entering valid email and password....
19:56:11.956 [main] INFO  testCases.TC_002_LoginTest - clicked on Login button ...
19:56:12.033 [main] INFO  testCases.TC_002_LoginTest - Login Test Passed
19:56:12.034 [main] INFO  testCases.TC_002_LoginTest - ********** Finished TC_002_LoginTest **********
15:21:08.391 [main] INFO  testCases.TC_001_AccountRegistrationTest - ********** Starting TC_001_AccountRegistrationTest **********
15:21:08.858 [main] INFO  testCases.TC_001_AccountRegistrationTest - Clicked on MyAccount Link
15:21:09.329 [main] INFO  testCases.TC_001_AccountRegistrationTest - Clicked on Register Link
15:21:09.329 [main] INFO  testCases.TC_001_AccountRegistrationTest - Entering Customer Details.... 
15:21:12.662 [main] INFO  testCases.TC_001_AccountRegistrationTest - Clicked on Continue
15:21:12.726 [main] INFO  testCases.TC_001_AccountRegistrationTest - Validating expected message.....
15:21:12.726 [main] INFO  testCases.TC_001_AccountRegistrationTest - Test Passed...
